<?xml version="1.0" encoding="UTF-8"?>
<testsuite name="com.example.team3Project.domain.policy.api.BlockedWordControllerTest" tests="6" skipped="0" failures="0" errors="0" timestamp="2026-05-03T08:59:51.772Z" hostname="leetrue801ui-MacBookAir.local" time="0.256">
  <properties/>
  <testcase name="금지어 API는 로그인 사용자가 없으면 401을 반환한다" classname="com.example.team3Project.domain.policy.api.BlockedWordControllerTest" time="0.172"/>
  <testcase name="금지어 수정 API는 로그인 사용자 기준으로 수정한다" classname="com.example.team3Project.domain.policy.api.BlockedWordControllerTest" time="0.045"/>
  <testcase name="소싱 금지어 조회 API는 문자열 목록만 반환한다" classname="com.example.team3Project.domain.policy.api.BlockedWordControllerTest" time="0.013"/>
  <testcase name="금지어 목록 조회 API는 로그인 사용자 기준으로 목록을 반환한다" classname="com.example.team3Project.domain.policy.api.BlockedWordControllerTest" time="0.01"/>
  <testcase name="금지어 삭제 API는 로그인 사용자 기준으로 삭제한다" classname="com.example.team3Project.domain.policy.api.BlockedWordControllerTest" time="0.006"/>
  <testcase name="금지어 등록 API는 로그인 사용자 기준으로 금지어를 생성한다" classname="com.example.team3Project.domain.policy.api.BlockedWordControllerTest" time="0.008"/>
  <system-out><![CDATA[2026-05-03T17:59:51.853+09:00  INFO 29406 --- [    Test worker] o.s.mock.web.MockServletContext          : Initializing Spring TestDispatcherServlet ''
2026-05-03T17:59:51.853+09:00  INFO 29406 --- [    Test worker] o.s.t.web.servlet.TestDispatcherServlet  : Initializing Servlet ''
2026-05-03T17:59:51.853+09:00  INFO 29406 --- [    Test worker] o.s.t.web.servlet.TestDispatcherServlet  : Completed initialization in 0 ms
2026-05-03T17:59:51.864+09:00  INFO 29406 --- [    Test worker] o.s.mock.web.MockServletContext          : Initializing Spring TestDispatcherServlet ''
2026-05-03T17:59:51.864+09:00  INFO 29406 --- [    Test worker] o.s.t.web.servlet.TestDispatcherServlet  : Initializing Servlet ''
2026-05-03T17:59:51.864+09:00  INFO 29406 --- [    Test worker] o.s.t.web.servlet.TestDispatcherServlet  : Completed initialization in 0 ms
2026-05-03T17:59:51.953+09:00  INFO 29406 --- [    Test worker] o.s.mock.web.MockServletContext          : Initializing Spring TestDispatcherServlet ''
2026-05-03T17:59:51.953+09:00  INFO 29406 --- [    Test worker] o.s.t.web.servlet.TestDispatcherServlet  : Initializing Servlet ''
2026-05-03T17:59:51.953+09:00  INFO 29406 --- [    Test worker] o.s.t.web.servlet.TestDispatcherServlet  : Completed initialization in 0 ms
2026-05-03T17:59:51.997+09:00  INFO 29406 --- [    Test worker] o.s.mock.web.MockServletContext          : Initializing Spring TestDispatcherServlet ''
2026-05-03T17:59:51.998+09:00  INFO 29406 --- [    Test worker] o.s.t.web.servlet.TestDispatcherServlet  : Initializing Servlet ''
2026-05-03T17:59:51.998+09:00  INFO 29406 --- [    Test worker] o.s.t.web.servlet.TestDispatcherServlet  : Completed initialization in 0 ms
2026-05-03T17:59:52.010+09:00  INFO 29406 --- [    Test worker] o.s.mock.web.MockServletContext          : Initializing Spring TestDispatcherServlet ''
2026-05-03T17:59:52.010+09:00  INFO 29406 --- [    Test worker] o.s.t.web.servlet.TestDispatcherServlet  : Initializing Servlet ''
2026-05-03T17:59:52.010+09:00  INFO 29406 --- [    Test worker] o.s.t.web.servlet.TestDispatcherServlet  : Completed initialization in 0 ms
2026-05-03T17:59:52.019+09:00  INFO 29406 --- [    Test worker] o.s.mock.web.MockServletContext          : Initializing Spring TestDispatcherServlet ''
2026-05-03T17:59:52.019+09:00  INFO 29406 --- [    Test worker] o.s.t.web.servlet.TestDispatcherServlet  : Initializing Servlet ''
2026-05-03T17:59:52.019+09:00  INFO 29406 --- [    Test worker] o.s.t.web.servlet.TestDispatcherServlet  : Completed initialization in 0 ms
2026-05-03T17:59:52.025+09:00  INFO 29406 --- [    Test worker] o.s.mock.web.MockServletContext          : Initializing Spring TestDispatcherServlet ''
2026-05-03T17:59:52.025+09:00  INFO 29406 --- [    Test worker] o.s.t.web.servlet.TestDispatcherServlet  : Initializing Servlet ''
2026-05-03T17:59:52.025+09:00  INFO 29406 --- [    Test worker] o.s.t.web.servlet.TestDispatcherServlet  : Completed initialization in 0 ms
]]></system-out>
  <system-err><![CDATA[]]></system-err>
</testsuite>
