<?xml version="1.0" encoding="UTF-8"?>
<testsuite name="com.example.team3Project.domain.product.registration.application.ProductRegistrationServiceTest" tests="11" skipped="0" failures="0" errors="0" timestamp="2026-05-03T08:59:52.688Z" hostname="leetrue801ui-MacBookAir.local" time="0.032">
  <properties/>
  <testcase name="MinIO objectKey 이미지에서 대표/상세/옵션 이미지를 구분해 저장한다" classname="com.example.team3Project.domain.product.registration.application.ProductRegistrationServiceTest" time="0.022"/>
  <testcase name="option sale price applies policy exchange rate" classname="com.example.team3Project.domain.product.registration.application.ProductRegistrationServiceTest" time="0.003"/>
  <testcase name="등록 상태를 READY로 되돌리면 쿠팡 더미 상품에서 삭제하고 등록 대기 상태로 복구한다" classname="com.example.team3Project.domain.product.registration.application.ProductRegistrationServiceTest" time="0.001"/>
  <testcase name="등록 다건 삭제 대상 중 일부라도 없으면 404를 반환한다" classname="com.example.team3Project.domain.product.registration.application.ProductRegistrationServiceTest" time="0.0"/>
  <testcase name="등록 상태별 개수를 사용자 기준으로 집계한다" classname="com.example.team3Project.domain.product.registration.application.ProductRegistrationServiceTest" time="0.001"/>
  <testcase name="등록 상태를 판매 중지로 바꾸면 연결된 쿠팡 더미 상품을 삭제한다" classname="com.example.team3Project.domain.product.registration.application.ProductRegistrationServiceTest" time="0.001"/>
  <testcase name="등록 삭제 대상이 없으면 404를 반환한다" classname="com.example.team3Project.domain.product.registration.application.ProductRegistrationServiceTest" time="0.0"/>
  <testcase name="등록 상태를 REGISTERED로 바꾸면 쿠팡 더미 상품으로 발행한다" classname="com.example.team3Project.domain.product.registration.application.ProductRegistrationServiceTest" time="0.001"/>
  <testcase name="같은 사용자와 같은 상품이 다시 등록되면 기존 등록 건을 갱신한다" classname="com.example.team3Project.domain.product.registration.application.ProductRegistrationServiceTest" time="0.0"/>
  <testcase name="등록 삭제는 로그인 사용자 소유 데이터만 삭제한다" classname="com.example.team3Project.domain.product.registration.application.ProductRegistrationServiceTest" time="0.0"/>
  <testcase name="등록 다건 삭제는 선택한 항목이 모두 로그인 사용자 소유일 때만 삭제한다" classname="com.example.team3Project.domain.product.registration.application.ProductRegistrationServiceTest" time="0.0"/>
  <system-out><![CDATA[]]></system-out>
  <system-err><![CDATA[]]></system-err>
</testsuite>
